2012-09-03 20:47:15,270 - gmusicapi - INFO - !-- Starting log --!
2012-09-03 20:48:30,411 - gmusicapi.Api - DEBUG - mm_pb_call: upload_auth(None)
2012-09-03 20:48:34,839 - gmusicapi.Api - DEBUG - mm_pb_call response: [u0: 6
status {
  u0: 0
  u1: 0
  u2: 5
  u3: 6000
  u4: 0
  u5: 7500
}
u1: 8
u2: 0
]
2012-09-03 20:48:34,839 - gmusicapi.Api - INFO - logged in
2012-09-03 20:48:34,841 - gmusicapi.Api - DEBUG - wc_call loadplaylist ('all',)
2012-09-03 20:49:07,273 - gmusicapi.Api - DEBUG - wc_call response <suppressed>
2012-09-03 20:49:10,387 - gmusicapi.Api - DEBUG - wc_call addplaylist ('testing',)
2012-09-03 20:49:19,698 - gmusicapi.Api - DEBUG - wc_call response {u'id': u'd7ab0f3a-08a9-4923-88d7-30149d6f8b48', u'success': True, u'title': u'testing'}
2012-09-03 20:49:19,700 - gmusicapi.Api - DEBUG - wc_call loadplaylist (u'd7ab0f3a-08a9-4923-88d7-30149d6f8b48',)
2012-09-03 20:49:24,259 - gmusicapi.Api - DEBUG - wc_call response <suppressed>
2012-09-03 20:49:24,398 - gmusicapi.Api - DEBUG - wc_call search (u'MASK',)
2012-09-03 20:49:29,240 - gmusicapi.Api - DEBUG - wc_call response {u'results': {u'albums': [], u'songs': [], u'artists': []}}
2012-09-03 20:49:29,668 - gmusicapi.Api - DEBUG - mm_pb_call: metadata(tracks {
  id: "vuLQS/qtVMAtAIfWmDT56g"
  title: "MASK"
  artist: "Aqua Timez"
  album: "MASK"
  year: 2012
  track: 1
  genre: "Anime"
  duration: 293689
  fileSize: 11739264
  bitrate: 320
}
address: "14:da:e9:1d:55"
)
2012-09-03 20:49:30,944 - gmusicapi.Api - DEBUG - mm_pb_call response: [u0: 1
response {
  uploads {
    id: "vuLQS/qtVMAtAIfWmDT56g"
    u0: 2
    serverId: "2005e3f6-072d-3253-bce8-26cb1b8da912"
  }
}
state {
  u0: 0
  u1: 0
  u2: 5
  u3: 6000
  u4: 0
  u5: 7500
}
]
2012-09-03 20:49:32,894 - gmusicapi.Api - DEBUG - got a session. full response: {u'sessionStatus': {u'state': u'OPEN', u'upload_id': u'AEnB2UrH9LRoYYMkj0ZPkKLoe1778tQqvip03fmmVEJMexfmwvrccE1tAlQqiLU-30AtkIencSYNEaHIID23mFQR3pan1y7NrA', u'externalFieldTransfers': [{u'status': u'IN_PROGRESS', u'bytesTotal': 11739264, u'name': u'Z:\\Music\\Nipponsei\\[Nipponsei] BLEACH ED30 Single - MASK [Aqua Timez]\\01 - MASK.mp3', u'putInfo': {u'url': u'http://uploadsj.clients.google.com/uploadsj/rupio?upload_id=AEnB2UrH9LRoYYMkj0ZPkKLoe1778tQqvip03fmmVEJMexfmwvrccE1tAlQqiLU-30AtkIencSYNEaHIID23mFQR3pan1y7NrA&file_id=000'}, u'content_type': u'audio/mpeg', u'bytesTransferred': 0}]}}
2012-09-03 20:49:32,895 - gmusicapi.Api - INFO - uploading file. sid: 2005e3f6-072d-3253-bce8-26cb1b8da912
2012-09-03 20:55:43,680 - gmusicapi.Api - DEBUG - post_jumper res: {u'sessionStatus': {u'additionalInfo': {u'uploader_service.GoogleRupioAdditionalInfo': {u'completionInfo': {u'status': u'SUCCESS', u'customerSpecificInfo': {u'ServerFileReference': u'699aa7bf4e4e757d-19', u'ResponseCode': 200}}}}, u'state': u'FINALIZED', u'upload_id': u'AEnB2UrH9LRoYYMkj0ZPkKLoe1778tQqvip03fmmVEJMexfmwvrccE1tAlQqiLU-30AtkIencSYNEaHIID23mFQR3pan1y7NrA', u'externalFieldTransfers': [{u'status': u'COMPLETED', u'bytesTotal': 11739264, u'name': u'Z:\\Music\\Nipponsei\\[Nipponsei] BLEACH ED30 Single - MASK [Aqua Timez]\\01 - MASK.mp3', u'putInfo': {u'url': u'http://uploadsj.clients.google.com/uploadsj/rupio?upload_id=AEnB2UrH9LRoYYMkj0ZPkKLoe1778tQqvip03fmmVEJMexfmwvrccE1tAlQqiLU-30AtkIencSYNEaHIID23mFQR3pan1y7NrA&file_id=000'}, u'content_type': u'audio/mpeg', u'bytesTransferred': 11739264}]}}
2012-09-03 20:55:43,680 - gmusicapi.Api - INFO - successfully uploaded sid 2005e3f6-072d-3253-bce8-26cb1b8da912
2012-09-03 20:55:43,680 - gmusicapi.Api - DEBUG - wc_call addtoplaylist (u'd7ab0f3a-08a9-4923-88d7-30149d6f8b48', [u'2005e3f6-072d-3253-bce8-26cb1b8da912'])
2012-09-03 20:55:44,563 - gmusicapi.Api - DEBUG - wc_call response {u'songIds': [{u'songId': u'2005e3f6-072d-3253-bce8-26cb1b8da912', u'playlistEntryId': u'12579432-1ba2-321b-891a-1b026f9ef10d'}], u'playlistId': u'd7ab0f3a-08a9-4923-88d7-30149d6f8b48'}
2012-09-03 20:55:44,612 - gmusicapi.Api - DEBUG - wc_call search (u'Denpa Onna to Seishun Otoko',)
2012-09-03 20:55:45,160 - gmusicapi.Api - DEBUG - wc_call response {u'results': {u'albums': [{u'artistName': u'Franz Maxwell I.', u'imageUrl': u'//ssl.gstatic.com/music/fe/9ee10fb43d63975f9efde4b34c4a23c0/default_album_med.png', u'albumArtist': u'', u'albumName': u'Denpa Onna to Seishun Otoko Original Soundtrack Vol.2'}], u'songs': [{u'comment': u'', u'rating': 0, u'lastPlayed': 1346662665811746L, u'composer': u'', u'year': 2011, u'id': u'545d3a9f-9c9e-3c36-b8c2-29180c1d77b7', u'subjectToCuration': False, u'album': u'Denpa Onna to Seishun Otoko Original Soundtrack Vol.2', u'title': u'Denpa Onna to Seishun Otoko', u'deleted': False, u'albumArtist': u'', u'type': 2, u'titleNorm': u'denpa onna to seishun otoko', u'track': 1, u'albumArtistNorm': u'', u'beatsPerMinute': 0, u'genre': u'Anime', u'playCount': 0, u'creationDate': 1346662615830052L, u'name': u'Denpa Onna to Seishun Otoko', u'albumNorm': u'denpa onna to seishun otoko original soundtrack vol.2', u'artist': u'Franz Maxwell I.', u'url': u'', u'matchedId': u'', u'durationMillis': 119015, u'artistNorm': u'franz maxwell i.'}], u'artists': []}}
2012-09-03 20:55:45,161 - gmusicapi.Api - DEBUG - wc_call addtoplaylist (u'd7ab0f3a-08a9-4923-88d7-30149d6f8b48', [u'545d3a9f-9c9e-3c36-b8c2-29180c1d77b7'])
2012-09-03 20:55:45,891 - gmusicapi.Api - DEBUG - wc_call response {u'songIds': [{u'songId': u'545d3a9f-9c9e-3c36-b8c2-29180c1d77b7', u'playlistEntryId': u'ec33196c-c29b-3d13-a8d7-c70f332fc543'}], u'playlistId': u'd7ab0f3a-08a9-4923-88d7-30149d6f8b48'}
2012-09-03 20:55:45,930 - gmusicapi.Api - DEBUG - wc_call search (u'Speed',)
2012-09-03 20:55:46,755 - gmusicapi.Api - DEBUG - wc_call response {u'results': {u'albums': [], u'songs': [{u'comment': u'', u'rating': 0, u'lastPlayed': 1321968406206335L, u'disc': 0, u'matchedId': u'', u'composer': u'', u'year': 2006, u'id': u'fbf41dbe-fb76-38aa-8fbd-f77982d0ed12', u'subjectToCuration': False, u'album': u'Naruto Best Hit Collection 2', u'title': u'Speed', u'deleted': False, u'albumArtist': u'', u'type': 2, u'titleNorm': u'speed', u'track': 8, u'albumArtistNorm': u'', u'totalTracks': 0, u'beatsPerMinute': 0, u'genre': u'#NIPPONSEI @ IRC.RIZON.NET', u'playCount': 3, u'creationDate': 1321946415077814L, u'name': u'Speed', u'albumNorm': u'naruto best hit collection 2', u'artist': u'Analog Fish', u'url': u'', u'totalDiscs': 0, u'durationMillis': 193000, u'artistNorm': u'analog fish'}], u'artists': []}}
2012-09-03 20:55:46,756 - gmusicapi.Api - DEBUG - wc_call addtoplaylist (u'd7ab0f3a-08a9-4923-88d7-30149d6f8b48', [u'fbf41dbe-fb76-38aa-8fbd-f77982d0ed12'])
2012-09-03 20:55:47,569 - gmusicapi.Api - DEBUG - wc_call response {u'songIds': [{u'songId': u'fbf41dbe-fb76-38aa-8fbd-f77982d0ed12', u'playlistEntryId': u'e0f57ce6-4692-366f-bec0-8a0bc60a5081'}], u'playlistId': u'd7ab0f3a-08a9-4923-88d7-30149d6f8b48'}
